{"/Users/paulaboagye/Desktop/Developer/reactProjects/frontend-projects/bmi-calculator-app/src/App.jsx": {"path":"/Users/paulaboagye/Desktop/Developer/reactProjects/frontend-projects/bmi-calculator-app/src/App.jsx","statementMap":{"0":{"start":{"line":5,"column":1},"end":{"line":9,"column":3}}},"fnMap":{"0":{"name":"App","decl":{"start":{"line":4,"column":9},"end":{"line":4,"column":12}},"loc":{"start":{"line":4,"column":15},"end":{"line":10,"column":1}},"line":4}},"branchMap":{},"s":{"0":0},"f":{"0":0},"b":{}}
,"/Users/paulaboagye/Desktop/Developer/reactProjects/frontend-projects/bmi-calculator-app/src/main.jsx": {"path":"/Users/paulaboagye/Desktop/Developer/reactProjects/frontend-projects/bmi-calculator-app/src/main.jsx","statementMap":{"0":{"start":{"line":5,"column":0},"end":{"line":9,"column":2}}},"fnMap":{},"branchMap":{},"s":{"0":0},"f":{},"b":{}}
,"/Users/paulaboagye/Desktop/Developer/reactProjects/frontend-projects/bmi-calculator-app/src/components/BMIFactor.jsx": {"path":"/Users/paulaboagye/Desktop/Developer/reactProjects/frontend-projects/bmi-calculator-app/src/components/BMIFactor.jsx","statementMap":{"0":{"start":{"line":8,"column":1},"end":{"line":107,"column":3}}},"fnMap":{"0":{"name":"BMIFactor","decl":{"start":{"line":7,"column":16},"end":{"line":7,"column":25}},"loc":{"start":{"line":7,"column":28},"end":{"line":108,"column":1}},"line":7}},"branchMap":{},"s":{"0":0},"f":{"0":0},"b":{}}
,"/Users/paulaboagye/Desktop/Developer/reactProjects/frontend-projects/bmi-calculator-app/src/components/HealthTips.jsx": {"path":"/Users/paulaboagye/Desktop/Developer/reactProjects/frontend-projects/bmi-calculator-app/src/components/HealthTips.jsx","statementMap":{"0":{"start":{"line":5,"column":1},"end":{"line":58,"column":3}}},"fnMap":{"0":{"name":"HealthTips","decl":{"start":{"line":4,"column":16},"end":{"line":4,"column":26}},"loc":{"start":{"line":4,"column":29},"end":{"line":59,"column":1}},"line":4}},"branchMap":{},"s":{"0":0},"f":{"0":0},"b":{}}
,"/Users/paulaboagye/Desktop/Developer/reactProjects/frontend-projects/bmi-calculator-app/src/components/Hero.jsx": {"path":"/Users/paulaboagye/Desktop/Developer/reactProjects/frontend-projects/bmi-calculator-app/src/components/Hero.jsx","statementMap":{"0":{"start":{"line":11,"column":29},"end":{"line":11,"column":43}},"1":{"start":{"line":12,"column":33},"end":{"line":12,"column":48}},"2":{"start":{"line":15,"column":2},"end":{"line":15,"column":34}},"3":{"start":{"line":16,"column":2},"end":{"line":16,"column":21}},"4":{"start":{"line":20,"column":2},"end":{"line":20,"column":36}},"5":{"start":{"line":21,"column":2},"end":{"line":21,"column":19}},"6":{"start":{"line":24,"column":1},"end":{"line":108,"column":3}}},"fnMap":{"0":{"name":"Hero","decl":{"start":{"line":10,"column":16},"end":{"line":10,"column":20}},"loc":{"start":{"line":10,"column":23},"end":{"line":109,"column":1}},"line":10},"1":{"name":"handleMetricChange","decl":{"start":{"line":14,"column":10},"end":{"line":14,"column":28}},"loc":{"start":{"line":14,"column":36},"end":{"line":17,"column":2}},"line":14},"2":{"name":"handleImperialChange","decl":{"start":{"line":19,"column":10},"end":{"line":19,"column":30}},"loc":{"start":{"line":19,"column":38},"end":{"line":22,"column":2}},"line":19}},"branchMap":{"0":{"loc":{"start":{"line":80,"column":8},"end":{"line":80,"column":32}},"type":"binary-expr","locations":[{"start":{"line":80,"column":8},"end":{"line":80,"column":14}},{"start":{"line":80,"column":18},"end":{"line":80,"column":32}}],"line":80},"1":{"loc":{"start":{"line":81,"column":8},"end":{"line":81,"column":36}},"type":"binary-expr","locations":[{"start":{"line":81,"column":8},"end":{"line":81,"column":16}},{"start":{"line":81,"column":20},"end":{"line":81,"column":36}}],"line":81},"2":{"loc":{"start":{"line":86,"column":4},"end":{"line":106,"column":4}},"type":"binary-expr","locations":[{"start":{"line":86,"column":5},"end":{"line":86,"column":11}},{"start":{"line":86,"column":15},"end":{"line":86,"column":23}},{"start":{"line":87,"column":4},"end":{"line":105,"column":14}}],"line":86}},"s":{"0":0,"1":0,"2":0,"3":0,"4":0,"5":0,"6":0},"f":{"0":0,"1":0,"2":0},"b":{"0":[0,0],"1":[0,0],"2":[0,0,0]}}
,"/Users/paulaboagye/Desktop/Developer/reactProjects/frontend-projects/bmi-calculator-app/src/components/ImperialForm.jsx": {"path":"/Users/paulaboagye/Desktop/Developer/reactProjects/frontend-projects/bmi-calculator-app/src/components/ImperialForm.jsx","statementMap":{"0":{"start":{"line":4,"column":25},"end":{"line":4,"column":36}},"1":{"start":{"line":5,"column":29},"end":{"line":5,"column":41}},"2":{"start":{"line":7,"column":29},"end":{"line":7,"column":41}},"3":{"start":{"line":8,"column":29},"end":{"line":8,"column":40}},"4":{"start":{"line":11,"column":2},"end":{"line":11,"column":30}},"5":{"start":{"line":15,"column":2},"end":{"line":15,"column":32}},"6":{"start":{"line":19,"column":2},"end":{"line":19,"column":32}},"7":{"start":{"line":23,"column":2},"end":{"line":23,"column":32}},"8":{"start":{"line":27,"column":19},"end":{"line":27,"column":22}},"9":{"start":{"line":28,"column":22},"end":{"line":28,"column":24}},"10":{"start":{"line":29,"column":22},"end":{"line":29,"column":24}},"11":{"start":{"line":31,"column":15},"end":{"line":31,"column":66}},"12":{"start":{"line":33,"column":15},"end":{"line":33,"column":68}},"13":{"start":{"line":35,"column":15},"end":{"line":35,"column":62}},"14":{"start":{"line":36,"column":2},"end":{"line":36,"column":16}},"15":{"start":{"line":39,"column":22},"end":{"line":41,"column":2}},"16":{"start":{"line":43,"column":15},"end":{"line":43,"column":17}},"17":{"start":{"line":44,"column":1},"end":{"line":52,"column":2}},"18":{"start":{"line":45,"column":2},"end":{"line":45,"column":26}},"19":{"start":{"line":46,"column":8},"end":{"line":52,"column":2}},"20":{"start":{"line":47,"column":2},"end":{"line":47,"column":29}},"21":{"start":{"line":48,"column":8},"end":{"line":52,"column":2}},"22":{"start":{"line":49,"column":2},"end":{"line":49,"column":25}},"23":{"start":{"line":51,"column":2},"end":{"line":51,"column":20}},"24":{"start":{"line":54,"column":1},"end":{"line":127,"column":3}}},"fnMap":{"0":{"name":"ImperialForm","decl":{"start":{"line":3,"column":16},"end":{"line":3,"column":28}},"loc":{"start":{"line":3,"column":31},"end":{"line":128,"column":1}},"line":3},"1":{"name":"handleFeetChange","decl":{"start":{"line":10,"column":10},"end":{"line":10,"column":26}},"loc":{"start":{"line":10,"column":34},"end":{"line":12,"column":2}},"line":10},"2":{"name":"handleInchesChange","decl":{"start":{"line":14,"column":10},"end":{"line":14,"column":28}},"loc":{"start":{"line":14,"column":36},"end":{"line":16,"column":2}},"line":14},"3":{"name":"handleStonesChange","decl":{"start":{"line":18,"column":10},"end":{"line":18,"column":28}},"loc":{"start":{"line":18,"column":36},"end":{"line":20,"column":2}},"line":18},"4":{"name":"handlePoundsChange","decl":{"start":{"line":22,"column":10},"end":{"line":22,"column":28}},"loc":{"start":{"line":22,"column":36},"end":{"line":24,"column":2}},"line":22},"5":{"name":"bMICalculation","decl":{"start":{"line":26,"column":10},"end":{"line":26,"column":24}},"loc":{"start":{"line":26,"column":55},"end":{"line":37,"column":2}},"line":26}},"branchMap":{"0":{"loc":{"start":{"line":44,"column":1},"end":{"line":52,"column":2}},"type":"if","locations":[{"start":{"line":44,"column":1},"end":{"line":52,"column":2}},{"start":{"line":46,"column":8},"end":{"line":52,"column":2}}],"line":44},"1":{"loc":{"start":{"line":46,"column":8},"end":{"line":52,"column":2}},"type":"if","locations":[{"start":{"line":46,"column":8},"end":{"line":52,"column":2}},{"start":{"line":48,"column":8},"end":{"line":52,"column":2}}],"line":46},"2":{"loc":{"start":{"line":48,"column":8},"end":{"line":52,"column":2}},"type":"if","locations":[{"start":{"line":48,"column":8},"end":{"line":52,"column":2}},{"start":{"line":50,"column":8},"end":{"line":52,"column":2}}],"line":48}},"s":{"0":0,"1":0,"2":0,"3":0,"4":0,"5":0,"6":0,"7":0,"8":0,"9":0,"10":0,"11":0,"12":0,"13":0,"14":0,"15":0,"16":0,"17":0,"18":0,"19":0,"20":0,"21":0,"22":0,"23":0,"24":0},"f":{"0":0,"1":0,"2":0,"3":0,"4":0,"5":0},"b":{"0":[0,0],"1":[0,0],"2":[0,0]}}
,"/Users/paulaboagye/Desktop/Developer/reactProjects/frontend-projects/bmi-calculator-app/src/components/MetricForm.jsx": {"path":"/Users/paulaboagye/Desktop/Developer/reactProjects/frontend-projects/bmi-calculator-app/src/components/MetricForm.jsx","statementMap":{"0":{"start":{"line":4,"column":29},"end":{"line":4,"column":42}},"1":{"start":{"line":5,"column":29},"end":{"line":5,"column":41}},"2":{"start":{"line":8,"column":2},"end":{"line":8,"column":32}},"3":{"start":{"line":12,"column":2},"end":{"line":12,"column":32}},"4":{"start":{"line":16,"column":17},"end":{"line":16,"column":22}},"5":{"start":{"line":17,"column":15},"end":{"line":17,"column":65}},"6":{"start":{"line":18,"column":2},"end":{"line":18,"column":16}},"7":{"start":{"line":21,"column":20},"end":{"line":21,"column":69}},"8":{"start":{"line":23,"column":15},"end":{"line":23,"column":17}},"9":{"start":{"line":24,"column":1},"end":{"line":32,"column":2}},"10":{"start":{"line":25,"column":2},"end":{"line":25,"column":26}},"11":{"start":{"line":26,"column":8},"end":{"line":32,"column":2}},"12":{"start":{"line":27,"column":2},"end":{"line":27,"column":29}},"13":{"start":{"line":28,"column":8},"end":{"line":32,"column":2}},"14":{"start":{"line":29,"column":2},"end":{"line":29,"column":25}},"15":{"start":{"line":31,"column":2},"end":{"line":31,"column":20}},"16":{"start":{"line":34,"column":1},"end":{"line":90,"column":3}}},"fnMap":{"0":{"name":"MetricForm","decl":{"start":{"line":3,"column":16},"end":{"line":3,"column":26}},"loc":{"start":{"line":3,"column":29},"end":{"line":91,"column":1}},"line":3},"1":{"name":"handleHeightChange","decl":{"start":{"line":7,"column":10},"end":{"line":7,"column":28}},"loc":{"start":{"line":7,"column":36},"end":{"line":9,"column":2}},"line":7},"2":{"name":"handleWeightChange","decl":{"start":{"line":11,"column":10},"end":{"line":11,"column":28}},"loc":{"start":{"line":11,"column":36},"end":{"line":13,"column":2}},"line":11},"3":{"name":"bMICalculation","decl":{"start":{"line":15,"column":10},"end":{"line":15,"column":24}},"loc":{"start":{"line":15,"column":51},"end":{"line":19,"column":2}},"line":15}},"branchMap":{"0":{"loc":{"start":{"line":24,"column":1},"end":{"line":32,"column":2}},"type":"if","locations":[{"start":{"line":24,"column":1},"end":{"line":32,"column":2}},{"start":{"line":26,"column":8},"end":{"line":32,"column":2}}],"line":24},"1":{"loc":{"start":{"line":26,"column":8},"end":{"line":32,"column":2}},"type":"if","locations":[{"start":{"line":26,"column":8},"end":{"line":32,"column":2}},{"start":{"line":28,"column":8},"end":{"line":32,"column":2}}],"line":26},"2":{"loc":{"start":{"line":28,"column":8},"end":{"line":32,"column":2}},"type":"if","locations":[{"start":{"line":28,"column":8},"end":{"line":32,"column":2}},{"start":{"line":30,"column":8},"end":{"line":32,"column":2}}],"line":28}},"s":{"0":0,"1":0,"2":0,"3":0,"4":0,"5":0,"6":0,"7":0,"8":0,"9":0,"10":0,"11":0,"12":0,"13":0,"14":0,"15":0,"16":0},"f":{"0":0,"1":0,"2":0,"3":0},"b":{"0":[0,0],"1":[0,0],"2":[0,0]}}
,"/Users/paulaboagye/Desktop/Developer/reactProjects/frontend-projects/bmi-calculator-app/src/components/Results.jsx": {"path":"/Users/paulaboagye/Desktop/Developer/reactProjects/frontend-projects/bmi-calculator-app/src/components/Results.jsx","statementMap":{"0":{"start":{"line":5,"column":1},"end":{"line":13,"column":3}},"1":{"start":{"line":16,"column":0},"end":{"line":16,"column":18}}},"fnMap":{"0":{"name":"Results","decl":{"start":{"line":4,"column":16},"end":{"line":4,"column":23}},"loc":{"start":{"line":4,"column":38},"end":{"line":14,"column":1}},"line":4}},"branchMap":{},"s":{"0":0,"1":0},"f":{"0":0},"b":{}}
}
