TN:
SF:src/App.jsx
FN:4,App
FNF:1
FNH:0
FNDA:0,App
DA:5,0
LF:1
LH:0
BRF:0
BRH:0
end_of_record
TN:
SF:src/main.jsx
FNF:0
FNH:0
DA:5,0
LF:1
LH:0
BRF:0
BRH:0
end_of_record
TN:
SF:src/components/BMIFactor.jsx
FN:7,BMIFactor
FNF:1
FNH:0
FNDA:0,BMIFactor
DA:8,0
LF:1
LH:0
BRF:0
BRH:0
end_of_record
TN:
SF:src/components/HealthTips.jsx
FN:4,HealthTips
FNF:1
FNH:0
FNDA:0,HealthTips
DA:5,0
LF:1
LH:0
BRF:0
BRH:0
end_of_record
TN:
SF:src/components/Hero.jsx
FN:10,Hero
FN:14,handleMetricChange
FN:19,handleImperialChange
FNF:3
FNH:0
FNDA:0,Hero
FNDA:0,handleMetricChange
FNDA:0,handleImperialChange
DA:11,0
DA:12,0
DA:15,0
DA:16,0
DA:20,0
DA:21,0
DA:24,0
LF:7
LH:0
BRDA:80,0,0,0
BRDA:80,0,1,0
BRDA:81,1,0,0
BRDA:81,1,1,0
BRDA:86,2,0,0
BRDA:86,2,1,0
BRDA:86,2,2,0
BRF:7
BRH:0
end_of_record
TN:
SF:src/components/ImperialForm.jsx
FN:3,ImperialForm
FN:10,handleFeetChange
FN:14,handleInchesChange
FN:18,handleStonesChange
FN:22,handlePoundsChange
FN:26,bMICalculation
FNF:6
FNH:0
FNDA:0,ImperialForm
FNDA:0,handleFeetChange
FNDA:0,handleInchesChange
FNDA:0,handleStonesChange
FNDA:0,handlePoundsChange
FNDA:0,bMICalculation
DA:4,0
DA:5,0
DA:7,0
DA:8,0
DA:11,0
DA:15,0
DA:19,0
DA:23,0
DA:27,0
DA:28,0
DA:29,0
DA:31,0
DA:33,0
DA:35,0
DA:36,0
DA:39,0
DA:43,0
DA:44,0
DA:45,0
DA:46,0
DA:47,0
DA:48,0
DA:49,0
DA:51,0
DA:54,0
LF:25
LH:0
BRDA:44,0,0,0
BRDA:44,0,1,0
BRDA:46,1,0,0
BRDA:46,1,1,0
BRDA:48,2,0,0
BRDA:48,2,1,0
BRF:6
BRH:0
end_of_record
TN:
SF:src/components/MetricForm.jsx
FN:3,MetricForm
FN:7,handleHeightChange
FN:11,handleWeightChange
FN:15,bMICalculation
FNF:4
FNH:0
FNDA:0,MetricForm
FNDA:0,handleHeightChange
FNDA:0,handleWeightChange
FNDA:0,bMICalculation
DA:4,0
DA:5,0
DA:8,0
DA:12,0
DA:16,0
DA:17,0
DA:18,0
DA:21,0
DA:23,0
DA:24,0
DA:25,0
DA:26,0
DA:27,0
DA:28,0
DA:29,0
DA:31,0
DA:34,0
LF:17
LH:0
BRDA:24,0,0,0
BRDA:24,0,1,0
BRDA:26,1,0,0
BRDA:26,1,1,0
BRDA:28,2,0,0
BRDA:28,2,1,0
BRF:6
BRH:0
end_of_record
TN:
SF:src/components/Results.jsx
FN:4,Results
FNF:1
FNH:0
FNDA:0,Results
DA:5,0
DA:16,0
LF:2
LH:0
BRF:0
BRH:0
end_of_record
